Unity Editor version:    2021.2.13f1 (90b6766da538)
Branch:                  2021.2/staging
Build type:              Release
Batch mode:              YES
macOS version:           Version 10.15.5 (Build 19F101)
Darwin version:          19.5.0
Architecture:            x86_64
Running under Rosetta:   NO
Available memory:        16384 MB
Using pre-set license
Pro License: YES

COMMAND LINE ARGUMENTS:
/Applications/Unity/Hub/Editor/2021.2.13f1/Unity.app/Contents/MacOS/Unity
-adb2
-batchMode
-noUpm
-name
AssetImportWorker0
-projectPath
/Users/aceoom/Documents/Kefir project
-logFile
Logs/AssetImportWorker0.log
-srvPort
50018
Successfully changed project path to: /Users/aceoom/Documents/Kefir project
/Users/aceoom/Documents/Kefir project
[UnityMemory] Configuration Parameters - Can be set up in boot.config
    "memorysetup-bucket-allocator-granularity=16"
    "memorysetup-bucket-allocator-bucket-count=8"
    "memorysetup-bucket-allocator-block-size=33554432"
    "memorysetup-bucket-allocator-block-count=8"
    "memorysetup-main-allocator-block-size=16777216"
    "memorysetup-thread-allocator-block-size=16777216"
    "memorysetup-gfx-main-allocator-block-size=16777216"
    "memorysetup-gfx-thread-allocator-block-size=16777216"
    "memorysetup-cache-allocator-block-size=4194304"
    "memorysetup-typetree-allocator-block-size=2097152"
    "memorysetup-profiler-bucket-allocator-granularity=16"
    "memorysetup-profiler-bucket-allocator-bucket-count=8"
    "memorysetup-profiler-bucket-allocator-block-size=33554432"
    "memorysetup-profiler-bucket-allocator-block-count=8"
    "memorysetup-profiler-allocator-block-size=16777216"
    "memorysetup-profiler-editor-allocator-block-size=1048576"
    "memorysetup-temp-allocator-size-main=16777216"
    "memorysetup-job-temp-allocator-block-size=2097152"
    "memorysetup-job-temp-allocator-block-size-background=1048576"
    "memorysetup-job-temp-allocator-reduction-small-platforms=262144"
    "memorysetup-temp-allocator-size-background-worker=32768"
    "memorysetup-temp-allocator-size-job-worker=262144"
    "memorysetup-temp-allocator-size-preload-manager=33554432"
    "memorysetup-temp-allocator-size-nav-mesh-worker=65536"
    "memorysetup-temp-allocator-size-audio-worker=65536"
    "memorysetup-temp-allocator-size-cloud-worker=32768"
    "memorysetup-temp-allocator-size-gi-baking-worker=262144"
    "memorysetup-temp-allocator-size-gfx=262144"
Refreshing native plugins compatible for Editor in 41.91 ms, found 2 plugins.
Preloading 0 native plugins for Editor in 0.00 ms.
Initialize engine version: 2021.2.13f1 (90b6766da538)
[Subsystems] Discovering subsystems at path /Applications/Unity/Hub/Editor/2021.2.13f1/Unity.app/Contents/Resources/UnitySubsystems
[Subsystems] Discovering subsystems at path /Users/aceoom/Documents/Kefir project/Assets
GfxDevice: creating device client; threaded=0; jobified=0
Color LCD preferred device: Intel(R) Iris(TM) Graphics 6100 (low power)
Metal devices available: 1
0: Intel(R) Iris(TM) Graphics 6100 (low power)
Using device Intel(R) Iris(TM) Graphics 6100 (low power)
Initializing Metal device caps: Intel(R) Iris(TM) Graphics 6100
Initialize mono
Mono path[0] = '/Applications/Unity/Hub/Editor/2021.2.13f1/Unity.app/Contents/Managed'
Mono path[1] = '/Applications/Unity/Hub/Editor/2021.2.13f1/Unity.app/Contents/MonoBleedingEdge/lib/mono/unityjit-macos'
Mono config path = '/Applications/Unity/Hub/Editor/2021.2.13f1/Unity.app/Contents/MonoBleedingEdge/etc'
Using monoOptions --debugger-agent=transport=dt_socket,embedding=1,server=y,suspend=n,address=127.0.0.1:56220
Begin MonoManager ReloadAssembly
Registering precompiled unity dll's ...
Register platform support module: /Applications/Unity/Hub/Editor/2021.2.13f1/Unity.app/Contents/PlaybackEngines/MacStandaloneSupport/UnityEditor.OSXStandalone.Extensions.dll
Register platform support module: /Applications/Unity/Hub/Editor/2021.2.13f1/PlaybackEngines/WindowsStandaloneSupport/UnityEditor.WindowsStandalone.Extensions.dll
Registered in 0.001656 seconds.
Native extension for WindowsStandalone target not found
Native extension for OSXStandalone target not found
Refreshing native plugins compatible for Editor in 34.21 ms, found 2 plugins.
Preloading 0 native plugins for Editor in 0.00 ms.
Mono: successfully reloaded assembly
- Completed reload, in  1.031 seconds
Domain Reload Profiling:
	ReloadAssembly (1032ms)
		BeginReloadAssembly (100ms)
			ExecutionOrderSort (0ms)
			DisableScriptedObjects (0ms)
			BackupInstance (0ms)
			ReleaseScriptingObjects (0ms)
			CreateAndSetChildDomain (1ms)
		EndReloadAssembly (728ms)
			LoadAssemblies (99ms)
			RebuildTransferFunctionScriptingTraits (0ms)
			SetupTypeCache (205ms)
			ReleaseScriptCaches (0ms)
			RebuildScriptCaches (58ms)
			SetupLoadedEditorAssemblies (379ms)
				LogAssemblyErrors (0ms)
				InitializePlatformSupportModulesInManaged (13ms)
				SetLoadedEditorAssemblies (0ms)
				RefreshPlugins (34ms)
				BeforeProcessingInitializeOnLoad (3ms)
				ProcessInitializeOnLoadAttributes (251ms)
				ProcessInitializeOnLoadMethodAttributes (77ms)
				AfterProcessingInitializeOnLoad (0ms)
				EditorAssembliesLoaded (0ms)
			ExecutionOrderSort2 (0ms)
			AwakeInstancesAfterBackupRestoration (0ms)
Platform modules already initialized, skipping
Registering precompiled user dll's ...
Registered in 0.001144 seconds.
Begin MonoManager ReloadAssembly
Native extension for WindowsStandalone target not found
Native extension for OSXStandalone target not found
Refreshing native plugins compatible for Editor in 0.38 ms, found 2 plugins.
Preloading 0 native plugins for Editor in 0.00 ms.
Mono: successfully reloaded assembly
- Completed reload, in  1.570 seconds
Domain Reload Profiling:
	ReloadAssembly (1571ms)
		BeginReloadAssembly (201ms)
			ExecutionOrderSort (0ms)
			DisableScriptedObjects (11ms)
			BackupInstance (0ms)
			ReleaseScriptingObjects (0ms)
			CreateAndSetChildDomain (59ms)
		EndReloadAssembly (1183ms)
			LoadAssemblies (89ms)
			RebuildTransferFunctionScriptingTraits (0ms)
			SetupTypeCache (395ms)
			ReleaseScriptCaches (1ms)
			RebuildScriptCaches (92ms)
			SetupLoadedEditorAssemblies (518ms)
				LogAssemblyErrors (0ms)
				InitializePlatformSupportModulesInManaged (9ms)
				SetLoadedEditorAssemblies (1ms)
				RefreshPlugins (2ms)
				BeforeProcessingInitializeOnLoad (68ms)
				ProcessInitializeOnLoadAttributes (394ms)
				ProcessInitializeOnLoadMethodAttributes (42ms)
				AfterProcessingInitializeOnLoad (2ms)
				EditorAssembliesLoaded (0ms)
			ExecutionOrderSort2 (0ms)
			AwakeInstancesAfterBackupRestoration (7ms)
Platform modules already initialized, skipping
========================================================================
Worker process is ready to serve import requests
Launching external process: /Applications/Unity/Hub/Editor/2021.2.13f1/Unity.app/Contents/Tools/UnityShaderCompiler
Launched and connected shader compiler UnityShaderCompiler after 0.02 seconds
Refreshing native plugins compatible for Editor in 0.43 ms, found 2 plugins.
Preloading 0 native plugins for Editor in 0.00 ms.
Unloading 1528 Unused Serialized files (Serialized files now loaded: 0)
Unloading 16 unused Assets / (43.7 KB). Loaded Objects now: 1997.
Memory consumption went from 153.8 MB to 153.8 MB.
Total: 4.186979 ms (FindLiveObjects: 0.181213 ms CreateObjectMapping: 0.053784 ms MarkObjects: 3.853772 ms  DeleteObjects: 0.096850 ms)

AssetImportParameters requested are different than current active one (requested -> active):
  custom:video-decoder-ogg-theora: a1e56fd34408186e4bbccfd4996cb3dc -> 
  custom:container-muxer-webm: aa71ff27fc2769a1b78a27578f13a17b -> 
  custom:container-demuxer-webm: 4f35f7cbe854078d1ac9338744f61a02 -> 
  custom:video-encoder-webm-vp8: eb34c28f22e8b96e1ab97ce403110664 -> 
  custom:framework-osx-AVFoundation: b23960f63f64bdc6ff669e2cdcee2391 -> 
  custom:audio-encoder-webm-vorbis: bf7c407c2cedff20999df2af8eb42d56 -> 
  custom:container-demuxer-ogg: 62fdf1f143b41e24485cea50d1cbac27 -> 
  custom:video-decoder-webm-vp8: 9c59270c3fd7afecdb556c50c9e8de78 -> 
  custom:audio-decoder-ogg-vorbis: bf7c407c2cedff20999df2af8eb42d56 -> 
========================================================================
Received Import Request.
  Time since last request: 1472.947991 seconds.
  path: Assets/4.5 Белая рамка.psd
  artifactKey: Guid(0b2332651f7844439ad0068ded8928cf) Importer(815301076,1909f56bfc062723c751e8b465ee728b)
Start importing Assets/4.5 Белая рамка.psd using Guid(0b2332651f7844439ad0068ded8928cf) Importer(815301076,1909f56bfc062723c751e8b465ee728b)  -> (artifact id: '13fe7e7feb477ef9e962f59e9f3ed409') in 0.692988 seconds 
========================================================================
Received Import Request.
  Time since last request: 0.000086 seconds.
  path: Assets/fire.png
  artifactKey: Guid(1b5cce6cb09714fadb6b35c82adb6a65) Importer(815301076,1909f56bfc062723c751e8b465ee728b)
Start importing Assets/fire.png using Guid(1b5cce6cb09714fadb6b35c82adb6a65) Importer(815301076,1909f56bfc062723c751e8b465ee728b)  -> (artifact id: 'c03776508e6f20b236d6d787bdc9ec9a') in 0.557440 seconds 
========================================================================
Received Import Request.
  Time since last request: 0.000084 seconds.
  path: Assets/4.5 A.jpg
  artifactKey: Guid(f8eb3cefdb5f34579a36db077decb957) Importer(815301076,1909f56bfc062723c751e8b465ee728b)
Start importing Assets/4.5 A.jpg using Guid(f8eb3cefdb5f34579a36db077decb957) Importer(815301076,1909f56bfc062723c751e8b465ee728b)  -> (artifact id: 'b335493413e7d69de80473677253830a') in 0.622773 seconds 
========================================================================
Received Import Request.
  Time since last request: 0.000100 seconds.
  path: Assets/BaseSkillBadge.prefab
  artifactKey: Guid(47a27ac12084c4ca38b20c004d70ea17) Importer(815301076,1909f56bfc062723c751e8b465ee728b)
Start importing Assets/BaseSkillBadge.prefab using Guid(47a27ac12084c4ca38b20c004d70ea17) Importer(815301076,1909f56bfc062723c751e8b465ee728b)  -> (artifact id: 'ec784425184f2287909b46b3e9d99238') in 0.362070 seconds 
========================================================================
Received Import Request.
  Time since last request: 0.000091 seconds.
  path: Assets/SkillBadge.prefab
  artifactKey: Guid(ce9c068f3d70742b8af97d13c178c400) Importer(815301076,1909f56bfc062723c751e8b465ee728b)
Start importing Assets/SkillBadge.prefab using Guid(ce9c068f3d70742b8af97d13c178c400) Importer(815301076,1909f56bfc062723c751e8b465ee728b)  -> (artifact id: '96a99c8553c3cbf8d92d76e6eb3a301a') in 0.009798 seconds 
========================================================================
Received Import Request.
  Time since last request: 0.000282 seconds.
  path: Assets/image.png
  artifactKey: Guid(a1e853bee83434c3c820b68f3b9b245f) Importer(815301076,1909f56bfc062723c751e8b465ee728b)
Start importing Assets/image.png using Guid(a1e853bee83434c3c820b68f3b9b245f) Importer(815301076,1909f56bfc062723c751e8b465ee728b)  -> (artifact id: 'c9e24aae09fcfc7e59d6bc608736832d') in 0.063485 seconds 
========================================================================
Received Import Request.
  Time since last request: 2.916720 seconds.
  path: Assets/New Scene.unity
  artifactKey: Guid(066e1c59701da49109baede5f43bbd94) Importer(815301076,1909f56bfc062723c751e8b465ee728b)
Start importing Assets/New Scene.unity using Guid(066e1c59701da49109baede5f43bbd94) Importer(815301076,1909f56bfc062723c751e8b465ee728b)  -> (artifact id: '218ba55d8a2b253d9b464ebe1705d10f') in 0.001964 seconds 
========================================================================
Received Import Request.
  Time since last request: 38.767802 seconds.
  path: Assets/MainScene.unity
  artifactKey: Guid(3de1f62f7a4da498b8f346943580ef8a) Importer(815301076,1909f56bfc062723c751e8b465ee728b)
Start importing Assets/MainScene.unity using Guid(3de1f62f7a4da498b8f346943580ef8a) Importer(815301076,1909f56bfc062723c751e8b465ee728b)  -> (artifact id: 'e1398ccac7f9e153e326f51d36d98aea') in 0.002150 seconds 
========================================================================
Received Import Request.
  Time since last request: 268.895699 seconds.
  path: Assets/New Scene.unity
  artifactKey: Guid(066e1c59701da49109baede5f43bbd94) Importer(815301076,1909f56bfc062723c751e8b465ee728b)
Start importing Assets/New Scene.unity using Guid(066e1c59701da49109baede5f43bbd94) Importer(815301076,1909f56bfc062723c751e8b465ee728b)  -> (artifact id: 'c63ee04cf033ac01e93e4675f83d6b15') in 0.004890 seconds 
========================================================================
Received Import Request.
  Time since last request: 55.032832 seconds.
  path: Assets/MainScene.unity
  artifactKey: Guid(3de1f62f7a4da498b8f346943580ef8a) Importer(815301076,1909f56bfc062723c751e8b465ee728b)
Start importing Assets/MainScene.unity using Guid(3de1f62f7a4da498b8f346943580ef8a) Importer(815301076,1909f56bfc062723c751e8b465ee728b)  -> (artifact id: '318f9942e0a9afccfd7f6357e17f01b1') in 0.003628 seconds 
========================================================================
Received Prepare
Registering precompiled user dll's ...
Registered in 0.001092 seconds.
Begin MonoManager ReloadAssembly
Native extension for WindowsStandalone target not found
Native extension for OSXStandalone target not found
Refreshing native plugins compatible for Editor in 0.37 ms, found 2 plugins.
Preloading 0 native plugins for Editor in 0.00 ms.
Mono: successfully reloaded assembly
- Completed reload, in  2.056 seconds
Domain Reload Profiling:
	ReloadAssembly (2060ms)
		BeginReloadAssembly (196ms)
			ExecutionOrderSort (0ms)
			DisableScriptedObjects (9ms)
			BackupInstance (0ms)
			ReleaseScriptingObjects (0ms)
			CreateAndSetChildDomain (81ms)
		EndReloadAssembly (1708ms)
			LoadAssemblies (83ms)
			RebuildTransferFunctionScriptingTraits (0ms)
			SetupTypeCache (328ms)
			ReleaseScriptCaches (1ms)
			RebuildScriptCaches (65ms)
			SetupLoadedEditorAssemblies (962ms)
				LogAssemblyErrors (0ms)
				InitializePlatformSupportModulesInManaged (16ms)
				SetLoadedEditorAssemblies (1ms)
				RefreshPlugins (0ms)
				BeforeProcessingInitializeOnLoad (61ms)
				ProcessInitializeOnLoadAttributes (671ms)
				ProcessInitializeOnLoadMethodAttributes (200ms)
				AfterProcessingInitializeOnLoad (11ms)
				EditorAssembliesLoaded (2ms)
			ExecutionOrderSort2 (0ms)
			AwakeInstancesAfterBackupRestoration (26ms)
Platform modules already initialized, skipping
Refreshing native plugins compatible for Editor in 11.98 ms, found 2 plugins.
Preloading 0 native plugins for Editor in 0.00 ms.
Unloading 1522 Unused Serialized files (Serialized files now loaded: 0)
Unloading 9 unused Assets / (22.3 KB). Loaded Objects now: 2007.
Memory consumption went from 176.5 MB to 176.5 MB.
Total: 19.741721 ms (FindLiveObjects: 1.192425 ms CreateObjectMapping: 0.589080 ms MarkObjects: 17.780044 ms  DeleteObjects: 0.171324 ms)

AssetImportParameters requested are different than current active one (requested -> active):
  custom:video-decoder-ogg-theora: a1e56fd34408186e4bbccfd4996cb3dc -> 
  custom:container-muxer-webm: aa71ff27fc2769a1b78a27578f13a17b -> 
  custom:container-demuxer-webm: 4f35f7cbe854078d1ac9338744f61a02 -> 
  custom:video-encoder-webm-vp8: eb34c28f22e8b96e1ab97ce403110664 -> 
  custom:framework-osx-AVFoundation: b23960f63f64bdc6ff669e2cdcee2391 -> 
  custom:audio-encoder-webm-vorbis: bf7c407c2cedff20999df2af8eb42d56 -> 
  custom:container-demuxer-ogg: 62fdf1f143b41e24485cea50d1cbac27 -> 
  custom:video-decoder-webm-vp8: 9c59270c3fd7afecdb556c50c9e8de78 -> 
  custom:audio-decoder-ogg-vorbis: bf7c407c2cedff20999df2af8eb42d56 -> 
========================================================================
Received Prepare
Registering precompiled user dll's ...
Registered in 0.001235 seconds.
Begin MonoManager ReloadAssembly
Native extension for WindowsStandalone target not found
Native extension for OSXStandalone target not found
Refreshing native plugins compatible for Editor in 0.40 ms, found 2 plugins.
Preloading 0 native plugins for Editor in 0.00 ms.
Mono: successfully reloaded assembly
- Completed reload, in  2.095 seconds
Domain Reload Profiling:
	ReloadAssembly (2103ms)
		BeginReloadAssembly (183ms)
			ExecutionOrderSort (0ms)
			DisableScriptedObjects (10ms)
			BackupInstance (0ms)
			ReleaseScriptingObjects (0ms)
			CreateAndSetChildDomain (70ms)
		EndReloadAssembly (1767ms)
			LoadAssemblies (79ms)
			RebuildTransferFunctionScriptingTraits (0ms)
			SetupTypeCache (320ms)
			ReleaseScriptCaches (1ms)
			RebuildScriptCaches (68ms)
			SetupLoadedEditorAssemblies (1080ms)
				LogAssemblyErrors (0ms)
				InitializePlatformSupportModulesInManaged (18ms)
				SetLoadedEditorAssemblies (1ms)
				RefreshPlugins (0ms)
				BeforeProcessingInitializeOnLoad (69ms)
				ProcessInitializeOnLoadAttributes (852ms)
				ProcessInitializeOnLoadMethodAttributes (137ms)
				AfterProcessingInitializeOnLoad (2ms)
				EditorAssembliesLoaded (0ms)
			ExecutionOrderSort2 (0ms)
			AwakeInstancesAfterBackupRestoration (8ms)
Platform modules already initialized, skipping
Refreshing native plugins compatible for Editor in 4.54 ms, found 2 plugins.
Preloading 0 native plugins for Editor in 0.00 ms.
Unloading 1522 Unused Serialized files (Serialized files now loaded: 0)
Unloading 9 unused Assets / (22.0 KB). Loaded Objects now: 2009.
Memory consumption went from 176.8 MB to 176.8 MB.
Total: 10.440312 ms (FindLiveObjects: 0.962503 ms CreateObjectMapping: 0.754275 ms MarkObjects: 8.656790 ms  DeleteObjects: 0.062065 ms)

AssetImportParameters requested are different than current active one (requested -> active):
  custom:video-decoder-ogg-theora: a1e56fd34408186e4bbccfd4996cb3dc -> 
  custom:container-muxer-webm: aa71ff27fc2769a1b78a27578f13a17b -> 
  custom:container-demuxer-webm: 4f35f7cbe854078d1ac9338744f61a02 -> 
  custom:video-encoder-webm-vp8: eb34c28f22e8b96e1ab97ce403110664 -> 
  custom:framework-osx-AVFoundation: b23960f63f64bdc6ff669e2cdcee2391 -> 
  custom:audio-encoder-webm-vorbis: bf7c407c2cedff20999df2af8eb42d56 -> 
  custom:container-demuxer-ogg: 62fdf1f143b41e24485cea50d1cbac27 -> 
  custom:video-decoder-webm-vp8: 9c59270c3fd7afecdb556c50c9e8de78 -> 
  custom:audio-decoder-ogg-vorbis: bf7c407c2cedff20999df2af8eb42d56 -> 
========================================================================
Received Prepare
Registering precompiled user dll's ...
Registered in 0.001090 seconds.
Begin MonoManager ReloadAssembly
Native extension for WindowsStandalone target not found
Native extension for OSXStandalone target not found
Refreshing native plugins compatible for Editor in 0.36 ms, found 2 plugins.
Preloading 0 native plugins for Editor in 0.00 ms.
Mono: successfully reloaded assembly
- Completed reload, in  1.381 seconds
Domain Reload Profiling:
	ReloadAssembly (1383ms)
		BeginReloadAssembly (182ms)
			ExecutionOrderSort (0ms)
			DisableScriptedObjects (10ms)
			BackupInstance (0ms)
			ReleaseScriptingObjects (0ms)
			CreateAndSetChildDomain (68ms)
		EndReloadAssembly (1045ms)
			LoadAssemblies (83ms)
			RebuildTransferFunctionScriptingTraits (0ms)
			SetupTypeCache (289ms)
			ReleaseScriptCaches (1ms)
			RebuildScriptCaches (75ms)
			SetupLoadedEditorAssemblies (495ms)
				LogAssemblyErrors (0ms)
				InitializePlatformSupportModulesInManaged (17ms)
				SetLoadedEditorAssemblies (1ms)
				RefreshPlugins (0ms)
				BeforeProcessingInitializeOnLoad (57ms)
				ProcessInitializeOnLoadAttributes (379ms)
				ProcessInitializeOnLoadMethodAttributes (39ms)
				AfterProcessingInitializeOnLoad (2ms)
				EditorAssembliesLoaded (0ms)
			ExecutionOrderSort2 (0ms)
			AwakeInstancesAfterBackupRestoration (6ms)
Platform modules already initialized, skipping
Refreshing native plugins compatible for Editor in 1.08 ms, found 2 plugins.
Preloading 0 native plugins for Editor in 0.00 ms.
Unloading 1522 Unused Serialized files (Serialized files now loaded: 0)
Unloading 9 unused Assets / (22.2 KB). Loaded Objects now: 2011.
Memory consumption went from 177.0 MB to 176.9 MB.
Total: 6.446257 ms (FindLiveObjects: 0.255045 ms CreateObjectMapping: 0.097180 ms MarkObjects: 5.984393 ms  DeleteObjects: 0.105015 ms)

AssetImportParameters requested are different than current active one (requested -> active):
  custom:video-decoder-ogg-theora: a1e56fd34408186e4bbccfd4996cb3dc -> 
  custom:container-muxer-webm: aa71ff27fc2769a1b78a27578f13a17b -> 
  custom:container-demuxer-webm: 4f35f7cbe854078d1ac9338744f61a02 -> 
  custom:video-encoder-webm-vp8: eb34c28f22e8b96e1ab97ce403110664 -> 
  custom:framework-osx-AVFoundation: b23960f63f64bdc6ff669e2cdcee2391 -> 
  custom:audio-encoder-webm-vorbis: bf7c407c2cedff20999df2af8eb42d56 -> 
  custom:container-demuxer-ogg: 62fdf1f143b41e24485cea50d1cbac27 -> 
  custom:video-decoder-webm-vp8: 9c59270c3fd7afecdb556c50c9e8de78 -> 
  custom:audio-decoder-ogg-vorbis: bf7c407c2cedff20999df2af8eb42d56 -> 
========================================================================
Received Import Request.
  Time since last request: 822.182317 seconds.
  path: Assets
  artifactKey: Guid(00000000000000001000000000000000) Importer(815301076,1909f56bfc062723c751e8b465ee728b)
Start importing Assets using Guid(00000000000000001000000000000000) Importer(815301076,1909f56bfc062723c751e8b465ee728b)  -> (artifact id: '79842766b460edbeab6a34051e857a80') in 0.005190 seconds 
========================================================================
Received Import Request.
  Time since last request: 55.648352 seconds.
  path: Assets/Images
  artifactKey: Guid(c7b3146561458445594021f1ed0fc490) Importer(815301076,1909f56bfc062723c751e8b465ee728b)
Start importing Assets/Images using Guid(c7b3146561458445594021f1ed0fc490) Importer(815301076,1909f56bfc062723c751e8b465ee728b)  -> (artifact id: '38bdc0ce7dfc5bd04c6642c52a58c47c') in 0.005838 seconds 
========================================================================
Received Import Request.
  Time since last request: 17.799378 seconds.
  path: Assets/New Folder
  artifactKey: Guid(b4136d01975204af491ebe2c9d86a44d) Importer(815301076,1909f56bfc062723c751e8b465ee728b)
Start importing Assets/New Folder using Guid(b4136d01975204af491ebe2c9d86a44d) Importer(815301076,1909f56bfc062723c751e8b465ee728b)  -> (artifact id: '8b198d03407f8ce52b1c5ae8ace25b8b') in 0.003533 seconds 
========================================================================
Received Import Request.
  Time since last request: 10.231382 seconds.
  path: Assets/select.psd
  artifactKey: Guid(0b2332651f7844439ad0068ded8928cf) Importer(815301076,1909f56bfc062723c751e8b465ee728b)
Start importing Assets/select.psd using Guid(0b2332651f7844439ad0068ded8928cf) Importer(815301076,1909f56bfc062723c751e8b465ee728b)  -> (artifact id: '045f7bbe994012555a1f93d5f8c52e4f') in 0.553207 seconds 
========================================================================
Received Import Request.
  Time since last request: 8.379033 seconds.
  path: Assets/background.jpg
  artifactKey: Guid(f8eb3cefdb5f34579a36db077decb957) Importer(815301076,1909f56bfc062723c751e8b465ee728b)
Start importing Assets/background.jpg using Guid(f8eb3cefdb5f34579a36db077decb957) Importer(815301076,1909f56bfc062723c751e8b465ee728b)  -> (artifact id: '266d389e30680a11fff640a93391d108') in 0.040302 seconds 
========================================================================
Received Import Request.
  Time since last request: 12.555714 seconds.
  path: Assets/prefabs
  artifactKey: Guid(07c74525592ff4463a3ef2ba42e1080e) Importer(815301076,1909f56bfc062723c751e8b465ee728b)
Start importing Assets/prefabs using Guid(07c74525592ff4463a3ef2ba42e1080e) Importer(815301076,1909f56bfc062723c751e8b465ee728b)  -> (artifact id: 'd2c7ae284c8be5d32a62c69d9db2b877') in 0.008135 seconds 
========================================================================
Received Import Request.
  Time since last request: 5.192190 seconds.
  path: Assets/Prefabs
  artifactKey: Guid(07c74525592ff4463a3ef2ba42e1080e) Importer(815301076,1909f56bfc062723c751e8b465ee728b)
Start importing Assets/Prefabs using Guid(07c74525592ff4463a3ef2ba42e1080e) Importer(815301076,1909f56bfc062723c751e8b465ee728b)  -> (artifact id: '42fc32301f5ddda9d5cb443879bc707d') in 0.005001 seconds 
========================================================================
Received Import Request.
  Time since last request: 37.023305 seconds.
  path: Assets/Scripts
  artifactKey: Guid(0fc6ad4db17cc480b9fb8ec3cd096032) Importer(815301076,1909f56bfc062723c751e8b465ee728b)
Start importing Assets/Scripts using Guid(0fc6ad4db17cc480b9fb8ec3cd096032) Importer(815301076,1909f56bfc062723c751e8b465ee728b)  -> (artifact id: '0967084bf1a7d7345cef99a9876598bc') in 0.006679 seconds 
========================================================================
Received Import Request.
  Time since last request: 3.093970 seconds.
  path: Assets/SkillBoardController.cs
  artifactKey: Guid(40b975a89c3cd4a7aa33347518f6c93f) Importer(815301076,1909f56bfc062723c751e8b465ee728b)
Start importing Assets/SkillBoardController.cs using Guid(40b975a89c3cd4a7aa33347518f6c93f) Importer(815301076,1909f56bfc062723c751e8b465ee728b)  -> (artifact id: 'e9e2bfb0c5a4f1650c163be814425590') in 1.913379 seconds 
========================================================================
Received Import Request.
  Time since last request: 1.008752 seconds.
  path: Assets/Skill.cs
  artifactKey: Guid(948a029e9425c4f9db6ff8201a60cda7) Importer(815301076,1909f56bfc062723c751e8b465ee728b)
Start importing Assets/Skill.cs using Guid(948a029e9425c4f9db6ff8201a60cda7) Importer(815301076,1909f56bfc062723c751e8b465ee728b)  -> (artifact id: 'd22217cdc3b8f70ff1aaa5a5a6423909') in 0.003238 seconds 
========================================================================
Received Import Request.
  Time since last request: 0.542256 seconds.
  path: Assets/SkillBadge.cs
  artifactKey: Guid(7fceb56a25f9e4022bf0a1743ec322ff) Importer(815301076,1909f56bfc062723c751e8b465ee728b)
Start importing Assets/SkillBadge.cs using Guid(7fceb56a25f9e4022bf0a1743ec322ff) Importer(815301076,1909f56bfc062723c751e8b465ee728b)  -> (artifact id: '99e874d6dc302cc87587adedb1abec21') in 0.004206 seconds 
========================================================================
Received Import Request.
  Time since last request: 25.460274 seconds.
  path: Assets/Scrins
  artifactKey: Guid(966ba6ed9d06445438285c344ff31fcf) Importer(815301076,1909f56bfc062723c751e8b465ee728b)
Start importing Assets/Scrins using Guid(966ba6ed9d06445438285c344ff31fcf) Importer(815301076,1909f56bfc062723c751e8b465ee728b)  -> (artifact id: '19f355cd98f186e1555561784760153c') in 0.008070 seconds 
========================================================================
Received Import Request.
  Time since last request: 1.372071 seconds.
  path: Assets/Skills
  artifactKey: Guid(d2ca8dffc81224f199d812173edd880c) Importer(815301076,1909f56bfc062723c751e8b465ee728b)
Start importing Assets/Skills using Guid(d2ca8dffc81224f199d812173edd880c) Importer(815301076,1909f56bfc062723c751e8b465ee728b)  -> (artifact id: '853509ff0ac84ef70e987b991eb97de8') in 0.002131 seconds 
========================================================================
Received Import Request.
  Time since last request: 1.097016 seconds.
  path: Assets/Skills/ASkill.asset
  artifactKey: Guid(bbb4a67d6fc354871b51995da0557763) Importer(815301076,1909f56bfc062723c751e8b465ee728b)
Start importing Assets/Skills/ASkill.asset using Guid(bbb4a67d6fc354871b51995da0557763) Importer(815301076,1909f56bfc062723c751e8b465ee728b)  -> (artifact id: 'cc3735d1285c9dc264091cf464244660') in 1.249428 seconds 
========================================================================
Received Import Request.
  Time since last request: 0.000169 seconds.
  path: Assets/Skills/FSkill.asset
  artifactKey: Guid(c6f673504d6e94ef4b8f4d1703afa2b1) Importer(815301076,1909f56bfc062723c751e8b465ee728b)
Start importing Assets/Skills/FSkill.asset using Guid(c6f673504d6e94ef4b8f4d1703afa2b1) Importer(815301076,1909f56bfc062723c751e8b465ee728b)  -> (artifact id: '35aae29e427cd6b2283a9ed1cd26f2b4') in 0.020449 seconds 
========================================================================
Received Import Request.
  Time since last request: 0.000100 seconds.
  path: Assets/Skills/DSkill.asset
  artifactKey: Guid(3ca2bdf786f394226a084399c02997ec) Importer(815301076,1909f56bfc062723c751e8b465ee728b)
Start importing Assets/Skills/DSkill.asset using Guid(3ca2bdf786f394226a084399c02997ec) Importer(815301076,1909f56bfc062723c751e8b465ee728b)  -> (artifact id: 'fbe56c0f5c5b5d52354e30aeb1fd59c8') in 0.012959 seconds 
========================================================================
Received Import Request.
  Time since last request: 0.000217 seconds.
  path: Assets/Skills/ISkill.asset
  artifactKey: Guid(fc1f667770585428796b9cc6967d3a90) Importer(815301076,1909f56bfc062723c751e8b465ee728b)
Start importing Assets/Skills/ISkill.asset using Guid(fc1f667770585428796b9cc6967d3a90) Importer(815301076,1909f56bfc062723c751e8b465ee728b)  -> (artifact id: '45a374dc30a62bec753accb175684775') in 0.015103 seconds 
========================================================================
Received Import Request.
  Time since last request: 0.000104 seconds.
  path: Assets/Skills/ESkill.asset
  artifactKey: Guid(df8d2dd88853a4ca684bf0266409def6) Importer(815301076,1909f56bfc062723c751e8b465ee728b)
Start importing Assets/Skills/ESkill.asset using Guid(df8d2dd88853a4ca684bf0266409def6) Importer(815301076,1909f56bfc062723c751e8b465ee728b)  -> (artifact id: '93d7b7a633c967976dfca9e8db780dd9') in 0.003534 seconds 
========================================================================
Received Import Request.
  Time since last request: 0.000098 seconds.
  path: Assets/Skills/BSkill.asset
  artifactKey: Guid(e2af0640ba4aa4e50b0a998b2408b08d) Importer(815301076,1909f56bfc062723c751e8b465ee728b)
Start importing Assets/Skills/BSkill.asset using Guid(e2af0640ba4aa4e50b0a998b2408b08d) Importer(815301076,1909f56bfc062723c751e8b465ee728b)  -> (artifact id: 'c4c4f249fedcf34209f8e5293985ba94') in 0.006267 seconds 
========================================================================
Received Import Request.
  Time since last request: 0.000484 seconds.
  path: Assets/Skills/GSkill.asset
  artifactKey: Guid(09cf0642a87cd44318a017a7249fdeea) Importer(815301076,1909f56bfc062723c751e8b465ee728b)
Start importing Assets/Skills/GSkill.asset using Guid(09cf0642a87cd44318a017a7249fdeea) Importer(815301076,1909f56bfc062723c751e8b465ee728b)  -> (artifact id: '2283c11a178c11e97c6902e13f31ffc5') in 0.013565 seconds 
========================================================================
Received Import Request.
  Time since last request: 0.000456 seconds.
  path: Assets/Skills/CSkill.asset
  artifactKey: Guid(f6545da552f5f45c6ac6d033ff79f22a) Importer(815301076,1909f56bfc062723c751e8b465ee728b)
Start importing Assets/Skills/CSkill.asset using Guid(f6545da552f5f45c6ac6d033ff79f22a) Importer(815301076,1909f56bfc062723c751e8b465ee728b)  -> (artifact id: '56d9c0d93417a76f07cb8467dbe41427') in 0.005249 seconds 
========================================================================
Received Import Request.
  Time since last request: 0.000102 seconds.
  path: Assets/Skills/HSkill.asset
  artifactKey: Guid(16fd0592f9dad44ec92b46d842209589) Importer(815301076,1909f56bfc062723c751e8b465ee728b)
Start importing Assets/Skills/HSkill.asset using Guid(16fd0592f9dad44ec92b46d842209589) Importer(815301076,1909f56bfc062723c751e8b465ee728b)  -> (artifact id: '9fb6aca294cba923130c52122e5d8b6c') in 0.004102 seconds 
========================================================================
Received Import Request.
  Time since last request: 34.259632 seconds.
  path: Assets/Scripts/SkillBoard.cs
  artifactKey: Guid(be7829c18dd7c4845b06e7e52ed0f72c) Importer(815301076,1909f56bfc062723c751e8b465ee728b)
Start importing Assets/Scripts/SkillBoard.cs using Guid(be7829c18dd7c4845b06e7e52ed0f72c) Importer(815301076,1909f56bfc062723c751e8b465ee728b)  -> (artifact id: '906e56bda3f8d33592903cd6ebdf1393') in 0.002788 seconds 
========================================================================
Received Import Request.
  Time since last request: 21.192298 seconds.
  path: Assets/Scrins/SkillBoardScene.unity
  artifactKey: Guid(3de1f62f7a4da498b8f346943580ef8a) Importer(815301076,1909f56bfc062723c751e8b465ee728b)
Start importing Assets/Scrins/SkillBoardScene.unity using Guid(3de1f62f7a4da498b8f346943580ef8a) Importer(815301076,1909f56bfc062723c751e8b465ee728b)  -> (artifact id: '349e5e31806398e6fd9d98440b33ea9d') in 0.005249 seconds 
========================================================================
Received Import Request.
  Time since last request: 5.536148 seconds.
  path: Assets/Scenes
  artifactKey: Guid(966ba6ed9d06445438285c344ff31fcf) Importer(815301076,1909f56bfc062723c751e8b465ee728b)
Start importing Assets/Scenes using Guid(966ba6ed9d06445438285c344ff31fcf) Importer(815301076,1909f56bfc062723c751e8b465ee728b)  -> (artifact id: 'e1b5b9dc88f7f3ec4fe643c773f6ada0') in 0.005160 seconds 
========================================================================
Received Prepare
Registering precompiled user dll's ...
Registered in 0.001093 seconds.
Begin MonoManager ReloadAssembly
Native extension for WindowsStandalone target not found
Native extension for OSXStandalone target not found
Refreshing native plugins compatible for Editor in 0.35 ms, found 2 plugins.
Preloading 0 native plugins for Editor in 0.00 ms.
Mono: successfully reloaded assembly
- Completed reload, in  1.324 seconds
Domain Reload Profiling:
	ReloadAssembly (1325ms)
		BeginReloadAssembly (187ms)
			ExecutionOrderSort (0ms)
			DisableScriptedObjects (12ms)
			BackupInstance (0ms)
			ReleaseScriptingObjects (0ms)
			CreateAndSetChildDomain (75ms)
		EndReloadAssembly (971ms)
			LoadAssemblies (81ms)
			RebuildTransferFunctionScriptingTraits (0ms)
			SetupTypeCache (289ms)
			ReleaseScriptCaches (1ms)
			RebuildScriptCaches (61ms)
			SetupLoadedEditorAssemblies (462ms)
				LogAssemblyErrors (0ms)
				InitializePlatformSupportModulesInManaged (15ms)
				SetLoadedEditorAssemblies (1ms)
				RefreshPlugins (0ms)
				BeforeProcessingInitializeOnLoad (58ms)
				ProcessInitializeOnLoadAttributes (347ms)
				ProcessInitializeOnLoadMethodAttributes (39ms)
				AfterProcessingInitializeOnLoad (2ms)
				EditorAssembliesLoaded (0ms)
			ExecutionOrderSort2 (0ms)
			AwakeInstancesAfterBackupRestoration (6ms)
Platform modules already initialized, skipping
Refreshing native plugins compatible for Editor in 0.87 ms, found 2 plugins.
Preloading 0 native plugins for Editor in 0.00 ms.
Unloading 1522 Unused Serialized files (Serialized files now loaded: 0)
Unloading 9 unused Assets / (22.0 KB). Loaded Objects now: 2013.
Memory consumption went from 185.4 MB to 185.4 MB.
Total: 3.226736 ms (FindLiveObjects: 0.168391 ms CreateObjectMapping: 0.048945 ms MarkObjects: 2.990131 ms  DeleteObjects: 0.017796 ms)

AssetImportParameters requested are different than current active one (requested -> active):
  custom:video-decoder-ogg-theora: a1e56fd34408186e4bbccfd4996cb3dc -> 
  custom:container-muxer-webm: aa71ff27fc2769a1b78a27578f13a17b -> 
  custom:container-demuxer-webm: 4f35f7cbe854078d1ac9338744f61a02 -> 
  custom:video-encoder-webm-vp8: eb34c28f22e8b96e1ab97ce403110664 -> 
  custom:framework-osx-AVFoundation: b23960f63f64bdc6ff669e2cdcee2391 -> 
  custom:audio-encoder-webm-vorbis: bf7c407c2cedff20999df2af8eb42d56 -> 
  custom:container-demuxer-ogg: 62fdf1f143b41e24485cea50d1cbac27 -> 
  custom:video-decoder-webm-vp8: 9c59270c3fd7afecdb556c50c9e8de78 -> 
  custom:audio-decoder-ogg-vorbis: bf7c407c2cedff20999df2af8eb42d56 -> 
========================================================================
Received Import Request.
  Time since last request: 53.781890 seconds.
  path: Assets/MainScene.unity
  artifactKey: Guid(9e0d74df3b46944cba21152b10d105b6) Importer(815301076,1909f56bfc062723c751e8b465ee728b)
Start importing Assets/MainScene.unity using Guid(9e0d74df3b46944cba21152b10d105b6) Importer(815301076,1909f56bfc062723c751e8b465ee728b)  -> (artifact id: '3bd8798a3cee2c5107705a186b20eba9') in 0.005612 seconds 
========================================================================
Received Import Request.
  Time since last request: 10.982793 seconds.
  path: Assets/SkillBoardScene.unity
  artifactKey: Guid(9e0d74df3b46944cba21152b10d105b6) Importer(815301076,1909f56bfc062723c751e8b465ee728b)
Start importing Assets/SkillBoardScene.unity using Guid(9e0d74df3b46944cba21152b10d105b6) Importer(815301076,1909f56bfc062723c751e8b465ee728b)  -> (artifact id: '4d995ab40bea104a2f7072e4a87c0784') in 0.003321 seconds 
